This is pdfTeX, Version 3.141592653-2.6-1.40.25 (TeX Live 2023/Debian) (preloaded format=pdflatex 2025.8.31)  26 NOV 2025 15:47
entering extended mode
 restricted \write18 enabled.
 %&-line parsing enabled.
**paper.tex
(./paper.tex
LaTeX2e <2023-11-01> patch level 1
L3 programming layer <2024-01-22>
(./mnras.cls
Document Class: mnras 2024/04/23\ v3.3\ LaTeX2e MNRAS document class
MNRAS document style v3.3, released 2024/04/23
(/usr/share/texlive/texmf-dist/tex/latex/geometry/geometry.sty
Package: geometry 2020/01/02 v5.9 Page Geometry

(/usr/share/texlive/texmf-dist/tex/latex/graphics/keyval.sty
Package: keyval 2022/05/29 v1.15 key=value parser (DPC)
\KV@toks@=\toks17
)
(/usr/share/texlive/texmf-dist/tex/generic/iftex/ifvtex.sty
Package: ifvtex 2019/10/25 v1.7 ifvtex legacy package. Use iftex instead.

(/usr/share/texlive/texmf-dist/tex/generic/iftex/iftex.sty
Package: iftex 2022/02/03 v1.0f TeX engine tests
))
\Gm@cnth=\count187
\Gm@cntv=\count188
\c@Gm@tempcnt=\count189
\Gm@bindingoffset=\dimen140
\Gm@wd@mp=\dimen141
\Gm@odd@mp=\dimen142
\Gm@even@mp=\dimen143
\Gm@layoutwidth=\dimen144
\Gm@layoutheight=\dimen145
\Gm@layouthoffset=\dimen146
\Gm@layoutvoffset=\dimen147
\Gm@dimlist=\toks18
)
(/usr/share/texlive/texmf-dist/tex/latex/hyperref/hyperref.sty
Package: hyperref 2024-01-20 v7.01h Hypertext links for LaTeX

(/usr/share/texlive/texmf-dist/tex/latex/kvsetkeys/kvsetkeys.sty
Package: kvsetkeys 2022-10-05 v1.19 Key value parser (HO)
)
(/usr/share/texlive/texmf-dist/tex/generic/kvdefinekeys/kvdefinekeys.sty
Package: kvdefinekeys 2019-12-19 v1.6 Define keys (HO)
)
(/usr/share/texlive/texmf-dist/tex/generic/pdfescape/pdfescape.sty
Package: pdfescape 2019/12/09 v1.15 Implements pdfTeX's escape features (HO)

(/usr/share/texlive/texmf-dist/tex/generic/ltxcmds/ltxcmds.sty
Package: ltxcmds 2023-12-04 v1.26 LaTeX kernel commands for general use (HO)
)
(/usr/share/texlive/texmf-dist/tex/generic/pdftexcmds/pdftexcmds.sty
Package: pdftexcmds 2020-06-27 v0.33 Utility functions of pdfTeX for LuaTeX (HO
)

(/usr/share/texlive/texmf-dist/tex/generic/infwarerr/infwarerr.sty
Package: infwarerr 2019/12/03 v1.5 Providing info/warning/error messages (HO)
)
Package pdftexcmds Info: \pdf@primitive is available.
Package pdftexcmds Info: \pdf@ifprimitive is available.
Package pdftexcmds Info: \pdfdraftmode found.
))
(/usr/share/texlive/texmf-dist/tex/latex/hycolor/hycolor.sty
Package: hycolor 2020-01-27 v1.10 Color options for hyperref/bookmark (HO)
)
(/usr/share/texlive/texmf-dist/tex/latex/auxhook/auxhook.sty
Package: auxhook 2019-12-17 v1.6 Hooks for auxiliary files (HO)
)
(/usr/share/texlive/texmf-dist/tex/latex/hyperref/nameref.sty
Package: nameref 2023-11-26 v2.56 Cross-referencing by name of section

(/usr/share/texlive/texmf-dist/tex/latex/refcount/refcount.sty
Package: refcount 2019/12/15 v3.6 Data extraction from label references (HO)
)
(/usr/share/texlive/texmf-dist/tex/generic/gettitlestring/gettitlestring.sty
Package: gettitlestring 2019/12/15 v1.6 Cleanup title references (HO)

(/usr/share/texlive/texmf-dist/tex/latex/kvoptions/kvoptions.sty
Package: kvoptions 2022-06-15 v3.15 Key value format for package options (HO)
))
\c@section@level=\count190
)
(/usr/share/texlive/texmf-dist/tex/latex/etoolbox/etoolbox.sty
Package: etoolbox 2020/10/05 v2.5k e-TeX tools for LaTeX (JAW)
\etb@tempcnta=\count191
)
\@linkdim=\dimen148
\Hy@linkcounter=\count192
\Hy@pagecounter=\count193

(/usr/share/texlive/texmf-dist/tex/latex/hyperref/pd1enc.def
File: pd1enc.def 2024-01-20 v7.01h Hyperref: PDFDocEncoding definition (HO)
Now handling font encoding PD1 ...
... no UTF-8 mapping file for font encoding PD1
)
(/usr/share/texlive/texmf-dist/tex/generic/intcalc/intcalc.sty
Package: intcalc 2019/12/15 v1.3 Expandable calculations with integers (HO)
)
\Hy@SavedSpaceFactor=\count194

(/usr/share/texlive/texmf-dist/tex/latex/hyperref/puenc.def
File: puenc.def 2024-01-20 v7.01h Hyperref: PDF Unicode definition (HO)
Now handling font encoding PU ...
... no UTF-8 mapping file for font encoding PU
)
Package hyperref Info: Option `pdfpagelabels' set `false' on input line 4062.
Package hyperref Info: Hyper figures OFF on input line 4179.
Package hyperref Info: Link nesting OFF on input line 4184.
Package hyperref Info: Hyper index ON on input line 4187.
Package hyperref Info: Plain pages OFF on input line 4194.
Package hyperref Info: Backreferencing OFF on input line 4199.
Package hyperref Info: Implicit mode ON; LaTeX internals redefined.
Package hyperref Info: Bookmarks ON on input line 4446.
\c@Hy@tempcnt=\count195

(/usr/share/texlive/texmf-dist/tex/latex/url/url.sty
\Urlmuskip=\muskip16
Package: url 2013/09/16  ver 3.4  Verb mode for urls, etc.
)
LaTeX Info: Redefining \url on input line 4784.
\XeTeXLinkMargin=\dimen149

(/usr/share/texlive/texmf-dist/tex/generic/bitset/bitset.sty
Package: bitset 2019/12/09 v1.3 Handle bit-vector datatype (HO)

(/usr/share/texlive/texmf-dist/tex/generic/bigintcalc/bigintcalc.sty
Package: bigintcalc 2019/12/15 v1.5 Expandable calculations on big integers (HO
)
))
\Fld@menulength=\count196
\Field@Width=\dimen150
\Fld@charsize=\dimen151
Package hyperref Info: Hyper figures OFF on input line 6063.
Package hyperref Info: Link nesting OFF on input line 6068.
Package hyperref Info: Hyper index ON on input line 6071.
Package hyperref Info: backreferencing OFF on input line 6078.
Package hyperref Info: Link coloring OFF on input line 6083.
Package hyperref Info: Link coloring with OCG OFF on input line 6088.
Package hyperref Info: PDF/A mode OFF on input line 6093.

(/usr/share/texlive/texmf-dist/tex/latex/base/atbegshi-ltx.sty
Package: atbegshi-ltx 2021/01/10 v1.0c Emulation of the original atbegshi
package with kernel methods
)
\c@Item=\count197
\c@Hfootnote=\count198
)
Package hyperref Info: Driver (autodetected): hpdftex.

(/usr/share/texlive/texmf-dist/tex/latex/hyperref/hpdftex.def
File: hpdftex.def 2024-01-20 v7.01h Hyperref driver for pdfTeX
\Fld@listcount=\count199
\c@bookmark@seq@number=\count266

(/usr/share/texlive/texmf-dist/tex/latex/rerunfilecheck/rerunfilecheck.sty
Package: rerunfilecheck 2022-07-10 v1.10 Rerun checks for auxiliary files (HO)

(/usr/share/texlive/texmf-dist/tex/latex/base/atveryend-ltx.sty
Package: atveryend-ltx 2020/08/19 v1.0a Emulation of the original atveryend pac
kage
with kernel methods
)
(/usr/share/texlive/texmf-dist/tex/generic/uniquecounter/uniquecounter.sty
Package: uniquecounter 2019/12/15 v1.4 Provide unlimited unique counter (HO)
)
Package uniquecounter Info: New unique counter `rerunfilecheck' on input line 2
85.
)
\Hy@SectionHShift=\skip48
)
Package hyperref Info: Option `colorlinks' set `true' on input line 128.
\math@groups=\toks19
LaTeX Font Info:    Overwriting symbol font `symbols' in version `bold'
(Font)                  OMS/cmsy/b/n --> OMS/cmsy/b/n on input line 288.
\symbmisymbols=\mathgroup4
\SFB@measure=\dimen152
\realparindent=\skip49
\c@part=\count267
\c@section=\count268
\c@subsection=\count269
\c@subsubsection=\count270
\c@paragraph=\count271
\c@subparagraph=\count272
\@indentskip=\skip50
\smallindent=\skip51
\@footindent=\skip52
\@leftskip=\skip53

(/usr/share/texlive/texmf-dist/tex/latex/natbib/natbib.sty
Package: natbib 2010/09/13 8.31b (PWD, AO)
\bibhang=\skip54
\bibsep=\skip55
LaTeX Info: Redefining \cite on input line 694.
\c@NAT@ctr=\count273
)
\c@table=\count274
\c@figure=\count275
)
(/usr/share/texlive/texmf-dist/tex/latex/newtx/newtxtext.sty
Package: newtxtext 2024/01/11 v1.737(Michael Sharpe) latex and unicode latex su
pport for TeXGyreTermesX

`newtxtext' v1.737, 2024/01/11 Text macros taking advantage of TeXGyre Termes a
nd its extensions (msharpe)
(/usr/share/texlive/texmf-dist/tex/latex/xpatch/xpatch.sty
(/usr/share/texlive/texmf-dist/tex/latex/l3kernel/expl3.sty
Package: expl3 2024-01-22 L3 programming layer (loader) 

(/usr/share/texlive/texmf-dist/tex/latex/l3backend/l3backend-pdftex.def
File: l3backend-pdftex.def 2024-01-04 L3 backend support: PDF output (pdfTeX)
\l__color_backend_stack_int=\count276
\l__pdf_internal_box=\box51
))
Package: xpatch 2020/03/25 v0.3a Extending etoolbox patching commands

(/usr/share/texlive/texmf-dist/tex/latex/l3packages/xparse/xparse.sty
Package: xparse 2023-10-10 L3 Experimental document command parser
))
(/usr/share/texlive/texmf-dist/tex/latex/xcolor/xcolor.sty
Package: xcolor 2023/11/15 v3.01 LaTeX color extensions (UK)

(/usr/share/texlive/texmf-dist/tex/latex/graphics-cfg/color.cfg
File: color.cfg 2016/01/02 v1.6 sample color configuration
)
Package xcolor Info: Driver file: pdftex.def on input line 274.

(/usr/share/texlive/texmf-dist/tex/latex/graphics-def/pdftex.def
File: pdftex.def 2022/09/22 v1.2b Graphics/color driver for pdftex
)
(/usr/share/texlive/texmf-dist/tex/latex/graphics/mathcolor.ltx)
Package xcolor Info: Model `cmy' substituted by `cmy0' on input line 1350.
Package xcolor Info: Model `hsb' substituted by `rgb' on input line 1354.
Package xcolor Info: Model `RGB' extended on input line 1366.
Package xcolor Info: Model `HTML' substituted by `rgb' on input line 1368.
Package xcolor Info: Model `Hsb' substituted by `hsb' on input line 1369.
Package xcolor Info: Model `tHsb' substituted by `hsb' on input line 1370.
Package xcolor Info: Model `HSB' substituted by `hsb' on input line 1371.
Package xcolor Info: Model `Gray' substituted by `gray' on input line 1372.
Package xcolor Info: Model `wave' substituted by `hsb' on input line 1373.
)
(/usr/share/texlive/texmf-dist/tex/latex/xkeyval/xkeyval.sty
Package: xkeyval 2022/06/16 v2.9 package option processing (HA)

(/usr/share/texlive/texmf-dist/tex/generic/xkeyval/xkeyval.tex
(/usr/share/texlive/texmf-dist/tex/generic/xkeyval/xkvutils.tex
\XKV@toks=\toks20
\XKV@tempa@toks=\toks21
)
\XKV@depth=\count277
File: xkeyval.tex 2014/12/03 v2.7a key=value parser (HA)
))
(/usr/share/texlive/texmf-dist/tex/latex/base/textcomp.sty
Package: textcomp 2020/02/02 v2.0n Standard LaTeX package
)
(/usr/share/texlive/texmf-dist/tex/generic/xstring/xstring.sty
(/usr/share/texlive/texmf-dist/tex/generic/xstring/xstring.tex
\xs_counta=\count278
\xs_countb=\count279
)
Package: xstring 2023/08/22 v1.86 String manipulations (CT)
)
(/usr/share/texlive/texmf-dist/tex/latex/base/ifthen.sty
Package: ifthen 2022/04/13 v1.1d Standard LaTeX ifthen package (DPC)
)
(/usr/share/texlive/texmf-dist/tex/latex/carlisle/scalefnt.sty)
LaTeX Font Info:    Setting ntxLF sub-encoding to TS1/0 on input line 24.
LaTeX Font Info:    Setting ntxTLF sub-encoding to TS1/0 on input line 24.
LaTeX Font Info:    Setting ntxOsF sub-encoding to TS1/0 on input line 24.
LaTeX Font Info:    Setting ntxTOsF sub-encoding to TS1/0 on input line 24.

(/usr/share/texlive/texmf-dist/tex/generic/kastrup/binhex.tex)
\ntx@tmpcnta=\count280
\ntx@cnt=\count281

(/usr/share/texlive/texmf-dist/tex/latex/fontaxes/fontaxes.sty
Package: fontaxes 2020/07/21 v1.0e Font selection axes
LaTeX Info: Redefining \upshape on input line 29.
LaTeX Info: Redefining \itshape on input line 31.
LaTeX Info: Redefining \slshape on input line 33.
LaTeX Info: Redefining \swshape on input line 35.
LaTeX Info: Redefining \scshape on input line 37.
LaTeX Info: Redefining \sscshape on input line 39.
LaTeX Info: Redefining \ulcshape on input line 41.
LaTeX Info: Redefining \textsw on input line 47.
LaTeX Info: Redefining \textssc on input line 48.
LaTeX Info: Redefining \textulc on input line 49.
)
\tx@sixem=\dimen153
\tx@y=\dimen154
\tx@x=\dimen155
\tx@tmpdima=\dimen156
\tx@tmpdimb=\dimen157
\tx@tmpdimc=\dimen158
\tx@tmpdimd=\dimen159
\tx@tmpdime=\dimen160
\tx@tmpdimf=\dimen161
\tx@dimA=\dimen162
\tx@dimAA=\dimen163
\tx@dimB=\dimen164
\tx@dimBB=\dimen165
\tx@dimC=\dimen166
LaTeX Info: Redefining \oldstylenums on input line 893.
)
(/usr/share/texlive/texmf-dist/tex/latex/newtx/newtxmath.sty
Package: newtxmath 2023/11/05 v1.732

`newtxmath' v1.732, 2023/11/05 Math macros based originally on txfonts (msharpe
) (/usr/share/texlive/texmf-dist/tex/latex/amsmath/amsmath.sty
Package: amsmath 2023/05/13 v2.17o AMS math features
\@mathmargin=\skip56

For additional information on amsmath, use the `?' option.
(/usr/share/texlive/texmf-dist/tex/latex/amsmath/amstext.sty
Package: amstext 2021/08/26 v2.01 AMS text

(/usr/share/texlive/texmf-dist/tex/latex/amsmath/amsgen.sty
File: amsgen.sty 1999/11/30 v2.0 generic functions
\@emptytoks=\toks22
\ex@=\dimen167
))
(/usr/share/texlive/texmf-dist/tex/latex/amsmath/amsbsy.sty
Package: amsbsy 1999/11/29 v1.2d Bold Symbols
\pmbraise@=\dimen168
)
(/usr/share/texlive/texmf-dist/tex/latex/amsmath/amsopn.sty
Package: amsopn 2022/04/08 v2.04 operator names
)
\inf@bad=\count282
LaTeX Info: Redefining \frac on input line 234.
\uproot@=\count283
\leftroot@=\count284
LaTeX Info: Redefining \overline on input line 399.
LaTeX Info: Redefining \colon on input line 410.
\classnum@=\count285
\DOTSCASE@=\count286
LaTeX Info: Redefining \ldots on input line 496.
LaTeX Info: Redefining \dots on input line 499.
LaTeX Info: Redefining \cdots on input line 620.
\Mathstrutbox@=\box52
\strutbox@=\box53
LaTeX Info: Redefining \big on input line 722.
LaTeX Info: Redefining \Big on input line 723.
LaTeX Info: Redefining \bigg on input line 724.
LaTeX Info: Redefining \Bigg on input line 725.
\big@size=\dimen169
LaTeX Font Info:    Redeclaring font encoding OML on input line 743.
LaTeX Font Info:    Redeclaring font encoding OMS on input line 744.
\macc@depth=\count287
LaTeX Info: Redefining \bmod on input line 905.
LaTeX Info: Redefining \pmod on input line 910.
LaTeX Info: Redefining \smash on input line 940.
LaTeX Info: Redefining \relbar on input line 970.
LaTeX Info: Redefining \Relbar on input line 971.
\c@MaxMatrixCols=\count288
\dotsspace@=\muskip17
\c@parentequation=\count289
\dspbrk@lvl=\count290
\tag@help=\toks23
\row@=\count291
\column@=\count292
\maxfields@=\count293
\andhelp@=\toks24
\eqnshift@=\dimen170
\alignsep@=\dimen171
\tagshift@=\dimen172
\tagwidth@=\dimen173
\totwidth@=\dimen174
\lineht@=\dimen175
\@envbody=\toks25
\multlinegap=\skip57
\multlinetaggap=\skip58
\mathdisplay@stack=\toks26
LaTeX Info: Redefining \[ on input line 2953.
LaTeX Info: Redefining \] on input line 2954.
)
(/usr/share/texlive/texmf-dist/tex/latex/oberdiek/centernot.sty
Package: centernot 2016/05/16 v1.4 Centers the not symbol horizontally (HO)
)
\tx@cntz=\count294

(/usr/share/texlive/texmf-dist/tex/generic/kastrup/binhex.tex)
\tx@Isdigit=\count295
\tx@IsAlNum=\count296
\tx@tA=\toks27
\tx@tB=\toks28
\tx@su=\read2

amsthm NOT loaded
LaTeX Font Info:    Redeclaring symbol font `operators' on input line 390.
LaTeX Font Info:    Overwriting symbol font `operators' in version `normal'
(Font)                  OT1/cmr/m/n --> OT1/minntx/m/n on input line 390.
LaTeX Font Info:    Overwriting symbol font `operators' in version `bold'
(Font)                  OT1/cmr/bx/n --> OT1/minntx/m/n on input line 390.
LaTeX Font Info:    Overwriting symbol font `operators' in version `bold'
(Font)                  OT1/minntx/m/n --> OT1/minntx/b/n on input line 391.
LaTeX Font Info:    Redeclaring math alphabet \mathsf on input line 397.
LaTeX Font Info:    Overwriting math alphabet `\mathsf' in version `normal'
(Font)                  OT1/cmss/m/n --> OT1/qhv/m/n on input line 397.
LaTeX Font Info:    Overwriting math alphabet `\mathsf' in version `bold'
(Font)                  OT1/cmss/bx/n --> OT1/qhv/m/n on input line 397.
LaTeX Font Info:    Redeclaring math alphabet \mathit on input line 398.
LaTeX Font Info:    Overwriting math alphabet `\mathit' in version `normal'
(Font)                  OT1/cmr/m/it --> OT1/minntx/m/it on input line 398.
LaTeX Font Info:    Overwriting math alphabet `\mathit' in version `bold'
(Font)                  OT1/cmr/bx/it --> OT1/minntx/m/it on input line 398.
LaTeX Font Info:    Redeclaring math alphabet \mathtt on input line 399.
LaTeX Font Info:    Overwriting math alphabet `\mathtt' in version `normal'
(Font)                  OT1/cmtt/m/n --> OT1/ntxtt/m/n on input line 399.
LaTeX Font Info:    Overwriting math alphabet `\mathtt' in version `bold'
(Font)                  OT1/cmtt/m/n --> OT1/ntxtt/m/n on input line 399.
LaTeX Font Info:    Redeclaring math alphabet \mathbf on input line 401.
LaTeX Font Info:    Overwriting math alphabet `\mathbf' in version `normal'
(Font)                  OT1/cmr/bx/n --> OT1/minntx/b/n on input line 401.
LaTeX Font Info:    Overwriting math alphabet `\mathbf' in version `bold'
(Font)                  OT1/cmr/bx/n --> OT1/minntx/b/n on input line 401.
LaTeX Font Info:    Overwriting math alphabet `\mathit' in version `bold'
(Font)                  OT1/minntx/m/it --> OT1/minntx/b/it on input line 402.
LaTeX Font Info:    Overwriting math alphabet `\mathsf' in version `bold'
(Font)                  OT1/qhv/m/n --> OT1/qhv/b/n on input line 403.
LaTeX Font Info:    Overwriting math alphabet `\mathtt' in version `bold'
(Font)                  OT1/ntxtt/m/n --> OT1/ntxtt/b/n on input line 404.
LaTeX Font Info:    Redeclaring symbol font `letters' on input line 506.
LaTeX Font Info:    Overwriting symbol font `letters' in version `normal'
(Font)                  OML/cmm/m/it --> OML/ntxmi/m/it on input line 506.
LaTeX Font Info:    Overwriting symbol font `letters' in version `bold'
(Font)                  OML/cmm/b/it --> OML/ntxmi/m/it on input line 506.
LaTeX Font Info:    Overwriting symbol font `letters' in version `bold'
(Font)                  OML/ntxmi/m/it --> OML/ntxmi/b/it on input line 507.
\symlettersA=\mathgroup5
LaTeX Font Info:    Overwriting symbol font `lettersA' in version `bold'
(Font)                  U/ntxmia/m/it --> U/ntxmia/b/it on input line 562.
Now handling font encoding LMS ...
... no UTF-8 mapping file for font encoding LMS
LaTeX Font Info:    Redeclaring symbol font `symbols' on input line 583.
LaTeX Font Info:    Encoding `OMS' has changed to `LMS' for symbol font
(Font)              `symbols' in the math version `normal' on input line 583.
LaTeX Font Info:    Overwriting symbol font `symbols' in version `normal'
(Font)                  OMS/cmsy/m/n --> LMS/ntxsy/m/n on input line 583.
LaTeX Font Info:    Encoding `OMS' has changed to `LMS' for symbol font
(Font)              `symbols' in the math version `bold' on input line 583.
LaTeX Font Info:    Overwriting symbol font `symbols' in version `bold'
(Font)                  OMS/cmsy/b/n --> LMS/ntxsy/m/n on input line 583.
LaTeX Font Info:    Overwriting symbol font `symbols' in version `bold'
(Font)                  LMS/ntxsy/m/n --> LMS/ntxsy/b/n on input line 584.
\symAMSm=\mathgroup6
LaTeX Font Info:    Overwriting symbol font `AMSm' in version `bold'
(Font)                  U/ntxsym/m/n --> U/ntxsym/b/n on input line 609.
\symsymbolsC=\mathgroup7
LaTeX Font Info:    Overwriting symbol font `symbolsC' in version `bold'
(Font)                  U/ntxsyc/m/n --> U/ntxsyc/b/n on input line 630.
Now handling font encoding LMX ...
... no UTF-8 mapping file for font encoding LMX
LaTeX Font Info:    Redeclaring symbol font `largesymbols' on input line 643.
LaTeX Font Info:    Encoding `OMX' has changed to `LMX' for symbol font
(Font)              `largesymbols' in the math version `normal' on input line 6
43.
LaTeX Font Info:    Overwriting symbol font `largesymbols' in version `normal'
(Font)                  OMX/cmex/m/n --> LMX/ntxexx/m/n on input line 643.
LaTeX Font Info:    Encoding `OMX' has changed to `LMX' for symbol font
(Font)              `largesymbols' in the math version `bold' on input line 643
.
LaTeX Font Info:    Overwriting symbol font `largesymbols' in version `bold'
(Font)                  OMX/cmex/m/n --> LMX/ntxexx/m/n on input line 643.
LaTeX Font Info:    Overwriting symbol font `largesymbols' in version `bold'
(Font)                  LMX/ntxexx/m/n --> LMX/ntxexx/b/n on input line 644.
\symlargesymbolsTXA=\mathgroup8
LaTeX Font Info:    Overwriting symbol font `largesymbolsTXA' in version `bold'

(Font)                  U/ntxexa/m/n --> U/ntxexa/b/n on input line 658.
\tx@sbptoks=\toks29
LaTeX Font Info:    Redeclaring math delimiter \lfloor on input line 881.
LaTeX Font Info:    Redeclaring math delimiter \rfloor on input line 882.
LaTeX Font Info:    Redeclaring math delimiter \lceil on input line 883.
LaTeX Font Info:    Redeclaring math delimiter \rceil on input line 884.
LaTeX Font Info:    Redeclaring math delimiter \lbrace on input line 889.
LaTeX Font Info:    Redeclaring math delimiter \rbrace on input line 890.
LaTeX Font Info:    Redeclaring math delimiter \langle on input line 892.
LaTeX Font Info:    Redeclaring math delimiter \rangle on input line 894.
LaTeX Font Info:    Redeclaring math delimiter \arrowvert on input line 898.
LaTeX Font Info:    Redeclaring math delimiter \vert on input line 899.
LaTeX Font Info:    Redeclaring math symbol \hbar on input line 945.
LaTeX Font Info:    Redeclaring math accent \dot on input line 970.
LaTeX Font Info:    Redeclaring math accent \ddot on input line 971.
LaTeX Font Info:    Redeclaring math accent \vec on input line 2044.
LaTeX Info: Redefining \Bbbk on input line 2834.
LaTeX Info: Redefining \not on input line 2982.
) (/usr/share/texlive/texmf-dist/tex/latex/base/fontenc.sty
Package: fontenc 2021/04/29 v2.0v Standard LaTeX package
LaTeX Font Info:    Trying to load font information for T1+minntx on input line
 112.

(/usr/share/texlive/texmf-dist/tex/latex/newtx/t1minntx.fd
File: t1minntx.fd 2023/09/09 v1.1 font definition file for T1/minntx
))
(/usr/share/texlive/texmf-dist/tex/latex/graphics/graphicx.sty
Package: graphicx 2021/09/16 v1.2d Enhanced LaTeX Graphics (DPC,SPQR)

(/usr/share/texlive/texmf-dist/tex/latex/graphics/graphics.sty
Package: graphics 2022/03/10 v1.4e Standard LaTeX Graphics (DPC,SPQR)

(/usr/share/texlive/texmf-dist/tex/latex/graphics/trig.sty
Package: trig 2021/08/11 v1.11 sin cos tan (DPC)
)
(/usr/share/texlive/texmf-dist/tex/latex/graphics-cfg/graphics.cfg
File: graphics.cfg 2016/06/04 v1.11 sample graphics configuration
)
Package graphics Info: Driver file: pdftex.def on input line 107.
)
\Gin@req@height=\dimen176
\Gin@req@width=\dimen177
)
LaTeX Font Info:    Trying to load font information for T1+ntxtlf on input line
 72.

(/usr/share/texlive/texmf-dist/tex/latex/newtx/t1ntxtlf.fd
File: t1ntxtlf.fd 2021/05/24 v1.1 font definition file for T1/ntx/tlf
)
LaTeX Font Info:    Font shape `T1/ntxtlf/m/n' will be
(Font)              scaled to size 9.0pt on input line 72.
 (./paper.aux

LaTeX Warning: Label `fig:placeholder' multiply defined.


LaTeX Warning: Label `fig:placeholder' multiply defined.


LaTeX Warning: Label `fig:placeholder' multiply defined.


LaTeX Warning: Label `fig:placeholder' multiply defined.


LaTeX Warning: Label `fig:placeholder' multiply defined.


LaTeX Warning: Label `fig:placeholder' multiply defined.


LaTeX Warning: Label `fig:placeholder' multiply defined.


LaTeX Warning: Label `fig:placeholder' multiply defined.


LaTeX Warning: Label `fig:placeholder' multiply defined.


LaTeX Warning: Label `fig:placeholder' multiply defined.


LaTeX Warning: Label `fig:placeholder' multiply defined.


LaTeX Warning: Label `fig:placeholder' multiply defined.


LaTeX Warning: Label `fig:placeholder' multiply defined.


LaTeX Warning: Label `fig:placeholder' multiply defined.


LaTeX Warning: Label `fig:placeholder' multiply defined.


LaTeX Warning: Label `fig:placeholder' multiply defined.


LaTeX Warning: Label `fig:placeholder' multiply defined.


LaTeX Warning: Label `fig:placeholder' multiply defined.


LaTeX Warning: Label `fig:placeholder' multiply defined.


LaTeX Warning: Label `fig:placeholder' multiply defined.


LaTeX Warning: Label `fig:placeholder' multiply defined.


LaTeX Warning: Label `fig:placeholder' multiply defined.

)
\openout1 = `paper.aux'.

LaTeX Font Info:    Checking defaults for OML/ntxmi/m/it on input line 72.
LaTeX Font Info:    Trying to load font information for OML+ntxmi on input line
 72.
 (/usr/share/texlive/texmf-dist/tex/latex/newtx/omlntxmi.fd
File: omlntxmi.fd 2015/08/25 Fontinst v1.933 font definitions for OML/ntxmi.
)
LaTeX Font Info:    ... okay on input line 72.
LaTeX Font Info:    Checking defaults for OMS/cmsy/m/n on input line 72.
LaTeX Font Info:    ... okay on input line 72.
LaTeX Font Info:    Checking defaults for OT1/cmr/m/n on input line 72.
LaTeX Font Info:    ... okay on input line 72.
LaTeX Font Info:    Checking defaults for T1/cmr/m/n on input line 72.
LaTeX Font Info:    ... okay on input line 72.
LaTeX Font Info:    Checking defaults for TS1/cmr/m/n on input line 72.
LaTeX Font Info:    ... okay on input line 72.
LaTeX Font Info:    Checking defaults for OMX/cmex/m/n on input line 72.
LaTeX Font Info:    ... okay on input line 72.
LaTeX Font Info:    Checking defaults for U/ntxexa/m/n on input line 72.
LaTeX Font Info:    Trying to load font information for U+ntxexa on input line 
72.

(/usr/share/texlive/texmf-dist/tex/latex/newtx/untxexa.fd
File: untxexa.fd 2012/04/16 Fontinst v1.933 font definitions for U/ntxexa.
)
LaTeX Font Info:    ... okay on input line 72.
LaTeX Font Info:    Checking defaults for PD1/pdf/m/n on input line 72.
LaTeX Font Info:    ... okay on input line 72.
LaTeX Font Info:    Checking defaults for PU/pdf/m/n on input line 72.
LaTeX Font Info:    ... okay on input line 72.
LaTeX Font Info:    Checking defaults for LMS/ntxsy/m/n on input line 72.
LaTeX Font Info:    Trying to load font information for LMS+ntxsy on input line
 72.

(/usr/share/texlive/texmf-dist/tex/latex/newtx/lmsntxsy.fd
File: lmsntxsy.fd 2016/07/02 Fontinst v1.933 font definitions for LMS/ntxsy.
)
LaTeX Font Info:    ... okay on input line 72.
LaTeX Font Info:    Checking defaults for LMX/ntxexx/m/n on input line 72.
LaTeX Font Info:    Trying to load font information for LMX+ntxexx on input lin
e 72.

(/usr/share/texlive/texmf-dist/tex/latex/newtx/lmxntxexx.fd
File: lmxntxexx.fd 2016/07/03 Fontinst v1.933 font definitions for LMX/ntxexx.
)
LaTeX Font Info:    ... okay on input line 72.

*geometry* driver: auto-detecting
*geometry* detected driver: pdftex
*geometry* verbose mode - [ preamble ] result:
* driver: pdftex
* paper: a4paper
* layout: <same size as paper>
* layoutoffset:(h,v)=(0.0pt,0.0pt)
* modes: twoside 
* h-part:(L,W,R)=(71.70166pt, 418.25368pt, 107.55254pt)
* v-part:(T,H,B)=(101.40665pt, 591.5302pt, 152.11pt)
* \paperwidth=597.50787pt
* \paperheight=785.29605pt
* \textwidth=508.0pt
* \textheight=682.0pt
* \oddsidemargin=-30.0pt
* \evensidemargin=-30.0pt
* \topmargin=-48.0pt
* \headheight=14.0pt
* \headsep=15.0pt
* \topskip=9.0pt
* \footskip=22.0pt
* \marginparwidth=48.0pt
* \marginparsep=6.0pt
* \columnsep=20.0pt
* \skip\footins=19.5pt plus 12.0pt minus 1.0pt
* \hoffset=0.0pt
* \voffset=0.0pt
* \mag=1000
* \@twocolumntrue
* \@twosidetrue
* \@mparswitchtrue
* \@reversemarginfalse
* (1in=72.27pt=25.4mm, 1cm=28.453pt)

Package hyperref Info: Link coloring ON on input line 72.
(./paper.out) (./paper.out)
\@outlinefile=\write3
\openout3 = `paper.out'.


(/usr/share/texlive/texmf-dist/tex/context/base/mkii/supp-pdf.mkii
[Loading MPS to PDF converter (version 2006.09.02).]
\scratchcounter=\count297
\scratchdimen=\dimen178
\scratchbox=\box54
\nofMPsegments=\count298
\nofMParguments=\count299
\everyMPshowfont=\toks30
\MPscratchCnt=\count300
\MPscratchDim=\dimen179
\MPnumerator=\count301
\makeMPintoPDFobject=\count302
\everyMPtoPDFconversion=\toks31
) (/usr/share/texlive/texmf-dist/tex/latex/epstopdf-pkg/epstopdf-base.sty
Package: epstopdf-base 2020-01-24 v2.11 Base part for package epstopdf
Package epstopdf-base Info: Redefining graphics rule for `.eps' on input line 4
85.

(/usr/share/texlive/texmf-dist/tex/latex/latexconfig/epstopdf-sys.cfg
File: epstopdf-sys.cfg 2010/07/13 v1.3 Configuration of (r)epstopdf for TeX Liv
e
))
\c@mv@tabular=\count303
\c@mv@boldtabular=\count304
LaTeX Info: Command `\dddot' is already robust on input line 72.
LaTeX Info: Command `\ddddot' is already robust on input line 72.
LaTeX Font Info:    Font shape `T1/ntxtlf/m/n' will be
(Font)              scaled to size 16.0pt on input line 75.
LaTeX Font Info:    Font shape `T1/ntxtlf/b/n' will be
(Font)              scaled to size 16.0pt on input line 75.
LaTeX Font Info:    Font shape `T1/ntxtlf/m/n' will be
(Font)              scaled to size 12.0pt on input line 75.
LaTeX Font Info:    Trying to load font information for OT1+minntx on input lin
e 75.

(/usr/share/texlive/texmf-dist/tex/latex/newtx/ot1minntx.fd
File: ot1minntx.fd 2023/09/09 v1.1 font definition file for OT1/minntx
)
LaTeX Font Info:    Trying to load font information for U+ntxmia on input line 
75.

(/usr/share/texlive/texmf-dist/tex/latex/newtx/untxmia.fd
File: untxmia.fd 2018/04/14 Fontinst v1.933 font definitions for U/ntxmia.
)
LaTeX Font Info:    Trying to load font information for U+ntxsym on input line 
75.

(/usr/share/texlive/texmf-dist/tex/latex/newtx/untxsym.fd
File: untxsym.fd 2023/08/16 Fontinst v1.933 font definitions for U/ntxsym.
)
LaTeX Font Info:    Trying to load font information for U+ntxsyc on input line 
75.

(/usr/share/texlive/texmf-dist/tex/latex/newtx/untxsyc.fd
File: untxsyc.fd 2012/04/12 Fontinst v1.933 font definitions for U/ntxsyc.
)
LaTeX Font Info:    Font shape `T1/ntxtlf/m/n' will be
(Font)              scaled to size 8.0pt on input line 75.
LaTeX Font Info:    Font shape `T1/ntxtlf/m/it' will be
(Font)              scaled to size 8.0pt on input line 75.


LaTeX Font Warning: Font shape `OML/cmm/b/it' in size <5.5> not available
(Font)              size <5> substituted on input line 75.

LaTeX Font Info:    Font shape `T1/ntxtlf/b/n' will be
(Font)              scaled to size 9.0pt on input line 78.
LaTeX Font Info:    Font shape `T1/ntxtlf/m/n' will be
(Font)              scaled to size 10.0pt on input line 78.
LaTeX Font Info:    Font shape `T1/ntxtlf/b/n' will be
(Font)              scaled to size 10.0pt on input line 84.
LaTeX Font Info:    Font shape `T1/ntxtlf/m/sc' will be
(Font)              scaled to size 9.0pt on input line 119.
LaTeX Font Info:    Font shape `T1/ntxtlf/b/n' will be
(Font)              scaled to size 8.0pt on input line 148.
LaTeX Font Info:    Trying to load font information for T1+ntxtt on input line 
161.
(/usr/share/texlive/texmf-dist/tex/latex/newtx/t1ntxtt.fd
File: t1ntxtt.fd 2012/04/20 v3.1
)
LaTeX Font Info:    Font shape `T1/ntxtt/m/n' will be
(Font)              scaled to size 9.0pt on input line 161.

Underfull \vbox (badness 5771) has occurred while \output is active []

LaTeX Font Info:    Font shape `T1/ntxtlf/m/n' will be
(Font)              scaled to size 6.2pt on input line 162.
LaTeX Font Info:    Trying to load font information for TS1+ntxtlf on input lin
e 162.

(/usr/share/texlive/texmf-dist/tex/latex/newtx/ts1ntxtlf.fd
File: ts1ntxtlf.fd 2015/01/18 v1.0 fd file for TS1/ntxtlf
)
LaTeX Font Info:    Font shape `TS1/ntxtlf/m/n' will be
(Font)              scaled to size 8.0pt on input line 162.
 [1{/var/lib/texmf/fonts/map/pdftex/updmap/pdftex.map}{/usr/share/texlive/texmf
-dist/fonts/enc/dvips/newtx/ntx-ec-tlf.enc}{/usr/share/texlive/texmf-dist/fonts
/enc/dvips/newtx/ntx-ot1-tlf.enc}


{/usr/share/texlive/texmf-dist/fonts/enc/dvips/newtx/ntx-ec-tlf-pc.enc}
pdfTeX warning (ext4): destination with the same identifier (name{table.1}) has
 been already used, duplicate ignored
<argument> ...shipout:D \box_use:N \l_shipout_box 
                                                  \__shipout_drop_firstpage_...
l.162 
      {/usr/share/texmf/fonts/enc/dvips/tex-gyre/q-ts1.enc}]
Package epstopdf Info: Source file: <Figures/4case4_lc.eps>
(epstopdf)                    date: 2025-11-26 15:42:30
(epstopdf)                    size: 1111401 bytes
(epstopdf)             Output file: <Figures/4case4_lc-eps-converted-to.pdf>
(epstopdf)                    date: 2025-11-26 15:43:11
(epstopdf)                    size: 191750 bytes
(epstopdf)             Command: <repstopdf --outfile=Figures/4case4_lc-eps-conv
erted-to.pdf Figures/4case4_lc.eps>
(epstopdf)             \includegraphics on input line 165.
Package epstopdf Info: Output file is already uptodate.
<Figures/4case4_lc-eps-converted-to.pdf, id=135, 822.07124pt x 1133.23375pt>
File: Figures/4case4_lc-eps-converted-to.pdf Graphic file (type pdf)
<use Figures/4case4_lc-eps-converted-to.pdf>
Package pdftex.def Info: Figures/4case4_lc-eps-converted-to.pdf  used on input 
line 165.
(pdftex.def)             Requested size: 244.0pt x 336.35878pt.
LaTeX Font Info:    Font shape `T1/ntxtlf/m/sc' will be
(Font)              scaled to size 8.0pt on input line 166.
<Figures/c4_plot_time_stamps.pdf, id=136, 1374.13374pt x 714.67pt>
File: Figures/c4_plot_time_stamps.pdf Graphic file (type pdf)
<use Figures/c4_plot_time_stamps.pdf>
Package pdftex.def Info: Figures/c4_plot_time_stamps.pdf  used on input line 17
2.
(pdftex.def)             Requested size: 244.0pt x 126.90115pt.
<Figures/c4_hmi_plot_time_stamps.pdf, id=137, 1031.855pt x 714.67pt>
File: Figures/c4_hmi_plot_time_stamps.pdf Graphic file (type pdf)
<use Figures/c4_hmi_plot_time_stamps.pdf>
Package pdftex.def Info: Figures/c4_hmi_plot_time_stamps.pdf  used on input lin
e 179.
(pdftex.def)             Requested size: 244.0pt x 168.99434pt.
LaTeX Font Info:    Font shape `T1/ntxtlf/m/n' will be
(Font)              scaled to size 7.3pt on input line 193.
LaTeX Font Info:    Font shape `T1/ntxtlf/m/n' will be
(Font)              scaled to size 5.5pt on input line 193.
LaTeX Font Info:    Font shape `T1/ntxtlf/m/it' will be
(Font)              scaled to size 12.0pt on input line 212.
 [2
pdfTeX warning (ext4): destination with the same identifier (name{figure.1}) ha
s been already used, duplicate ignored
<argument> ...shipout:D \box_use:N \l_shipout_box 
                                                  \__shipout_drop_firstpage_...
l.212 
      
pdfTeX warning (ext4): destination with the same identifier (name{figure.2}) ha
s been already used, duplicate ignored
<argument> ...shipout:D \box_use:N \l_shipout_box 
                                                  \__shipout_drop_firstpage_...
l.212 
      
pdfTeX warning (ext4): destination with the same identifier (name{figure.3}) ha
s been already used, duplicate ignored
<argument> ...shipout:D \box_use:N \l_shipout_box 
                                                  \__shipout_drop_firstpage_...
l.212 
       <./Figures/4case4_lc-eps-converted-to.pdf> <./Figures/c4_plot_time_stamp
s.pdf> <./Figures/c4_hmi_plot_time_stamps.pdf>]
Package epstopdf Info: Source file: <Figures/c4_helios_aia_131_fd_roi_lc.eps>
(epstopdf)                    date: 2025-11-24 22:48:16
(epstopdf)                    size: 1112455 bytes
(epstopdf)             Output file: <Figures/c4_helios_aia_131_fd_roi_lc-eps-co
nverted-to.pdf>
(epstopdf)                    date: 2025-11-25 10:09:27
(epstopdf)                    size: 166733 bytes
(epstopdf)             Command: <repstopdf --outfile=Figures/c4_helios_aia_131_
fd_roi_lc-eps-converted-to.pdf Figures/c4_helios_aia_131_fd_roi_lc.eps>
(epstopdf)             \includegraphics on input line 225.
Package epstopdf Info: Output file is already uptodate.
<Figures/c4_helios_aia_131_fd_roi_lc-eps-converted-to.pdf, id=184, 698.61pt x 3
46.29375pt>
File: Figures/c4_helios_aia_131_fd_roi_lc-eps-converted-to.pdf Graphic file (ty
pe pdf)
<use Figures/c4_helios_aia_131_fd_roi_lc-eps-converted-to.pdf>
Package pdftex.def Info: Figures/c4_helios_aia_131_fd_roi_lc-eps-converted-to.p
df  used on input line 225.
(pdftex.def)             Requested size: 244.0pt x 120.94571pt.
 [3
pdfTeX warning (ext4): destination with the same identifier (name{figure.4}) ha
s been already used, duplicate ignored
<argument> ...shipout:D \box_use:N \l_shipout_box 
                                                  \__shipout_drop_firstpage_...
l.283 
       <./Figures/c4_helios_aia_131_fd_roi_lc-eps-converted-to.pdf>]
(./paper.bbl
LaTeX Info: Redefining \VAN on input line 1.
LaTeX Font Info:    Font shape `T1/ntxtt/m/n' will be
(Font)              scaled to size 8.0pt on input line 39.
)
Package epstopdf Info: Source file: <Figures/case4_lc.eps>
(epstopdf)                    date: 2025-11-26 15:27:08
(epstopdf)                    size: 1078695 bytes
(epstopdf)             Output file: <Figures/case4_lc-eps-converted-to.pdf>
(epstopdf)                    date: 2025-11-26 15:28:30
(epstopdf)                    size: 185398 bytes
(epstopdf)             Command: <repstopdf --outfile=Figures/case4_lc-eps-conve
rted-to.pdf Figures/case4_lc.eps>
(epstopdf)             \includegraphics on input line 389.
Package epstopdf Info: Output file is already uptodate.
<Figures/case4_lc-eps-converted-to.pdf, id=227, 809.0225pt x 818.05624pt>
File: Figures/case4_lc-eps-converted-to.pdf Graphic file (type pdf)
<use Figures/case4_lc-eps-converted-to.pdf>
Package pdftex.def Info: Figures/case4_lc-eps-converted-to.pdf  used on input l
ine 389.
(pdftex.def)             Requested size: 244.0pt x 246.71695pt.
File: Figures/c4_plot_time_stamps.pdf Graphic file (type pdf)
<use Figures/c4_plot_time_stamps.pdf>
Package pdftex.def Info: Figures/c4_plot_time_stamps.pdf  used on input line 39
6.
(pdftex.def)             Requested size: 244.0pt x 126.90115pt.
Package epstopdf Info: Source file: <Figures/c4_helios_aia_131_fd_roi_lc.eps>
(epstopdf)                    date: 2025-11-24 22:48:16
(epstopdf)                    size: 1112455 bytes
(epstopdf)             Output file: <Figures/c4_helios_aia_131_fd_roi_lc-eps-co
nverted-to.pdf>
(epstopdf)                    date: 2025-11-25 10:09:27
(epstopdf)                    size: 166733 bytes
(epstopdf)             Command: <repstopdf --outfile=Figures/c4_helios_aia_131_
fd_roi_lc-eps-converted-to.pdf Figures/c4_helios_aia_131_fd_roi_lc.eps>
(epstopdf)             \includegraphics on input line 403.
Package epstopdf Info: Output file is already uptodate.
File: Figures/c4_helios_aia_131_fd_roi_lc-eps-converted-to.pdf Graphic file (ty
pe pdf)
<use Figures/c4_helios_aia_131_fd_roi_lc-eps-converted-to.pdf>
Package pdftex.def Info: Figures/c4_helios_aia_131_fd_roi_lc-eps-converted-to.p
df  used on input line 403.
(pdftex.def)             Requested size: 244.0pt x 120.94571pt.
Package epstopdf Info: Source file: <Figures/case5_lc.eps>
(epstopdf)                    date: 2025-11-24 22:48:16
(epstopdf)                    size: 1140889 bytes
(epstopdf)             Output file: <Figures/case5_lc-eps-converted-to.pdf>
(epstopdf)                    date: 2025-11-25 10:09:27
(epstopdf)                    size: 183761 bytes
(epstopdf)             Command: <repstopdf --outfile=Figures/case5_lc-eps-conve
rted-to.pdf Figures/case5_lc.eps>
(epstopdf)             \includegraphics on input line 410.
Package epstopdf Info: Output file is already uptodate.
<Figures/case5_lc-eps-converted-to.pdf, id=228, 659.46375pt x 804.00375pt>
File: Figures/case5_lc-eps-converted-to.pdf Graphic file (type pdf)
<use Figures/case5_lc-eps-converted-to.pdf>
Package pdftex.def Info: Figures/case5_lc-eps-converted-to.pdf  used on input l
ine 410.
(pdftex.def)             Requested size: 244.0pt x 297.47673pt.
Package epstopdf Info: Source file: <Figures/c5_helios_aia_131_fd_roi_lc.eps>
(epstopdf)                    date: 2025-11-24 22:48:16
(epstopdf)                    size: 1122448 bytes
(epstopdf)             Output file: <Figures/c5_helios_aia_131_fd_roi_lc-eps-co
nverted-to.pdf>
(epstopdf)                    date: 2025-11-25 10:09:28
(epstopdf)                    size: 152677 bytes
(epstopdf)             Command: <repstopdf --outfile=Figures/c5_helios_aia_131_
fd_roi_lc-eps-converted-to.pdf Figures/c5_helios_aia_131_fd_roi_lc.eps>
(epstopdf)             \includegraphics on input line 417.
Package epstopdf Info: Output file is already uptodate.
<Figures/c5_helios_aia_131_fd_roi_lc-eps-converted-to.pdf, id=229, 697.60625pt 
x 346.29375pt>
File: Figures/c5_helios_aia_131_fd_roi_lc-eps-converted-to.pdf Graphic file (ty
pe pdf)
<use Figures/c5_helios_aia_131_fd_roi_lc-eps-converted-to.pdf>
Package pdftex.def Info: Figures/c5_helios_aia_131_fd_roi_lc-eps-converted-to.p
df  used on input line 417.
(pdftex.def)             Requested size: 244.0pt x 121.12007pt.
Package epstopdf Info: Source file: <Figures/case6_lc.eps>
(epstopdf)                    date: 2025-11-24 22:48:16
(epstopdf)                    size: 888420 bytes
(epstopdf)             Output file: <Figures/case6_lc-eps-converted-to.pdf>
(epstopdf)                    date: 2025-11-25 10:09:28
(epstopdf)                    size: 154618 bytes
(epstopdf)             Command: <repstopdf --outfile=Figures/case6_lc-eps-conve
rted-to.pdf Figures/case6_lc.eps>
(epstopdf)             \includegraphics on input line 424.
Package epstopdf Info: Output file is already uptodate.
<Figures/case6_lc-eps-converted-to.pdf, id=230, 659.46375pt x 804.00375pt>
File: Figures/case6_lc-eps-converted-to.pdf Graphic file (type pdf)
<use Figures/case6_lc-eps-converted-to.pdf>
Package pdftex.def Info: Figures/case6_lc-eps-converted-to.pdf  used on input l
ine 424.
(pdftex.def)             Requested size: 244.0pt x 297.47673pt.
Package epstopdf Info: Source file: <Figures/c6_helios_aia_131_fd_roi_lc.eps>
(epstopdf)                    date: 2025-11-24 22:48:16
(epstopdf)                    size: 976213 bytes
(epstopdf)             Output file: <Figures/c6_helios_aia_131_fd_roi_lc-eps-co
nverted-to.pdf>
(epstopdf)                    date: 2025-11-25 10:09:29
(epstopdf)                    size: 142226 bytes
(epstopdf)             Command: <repstopdf --outfile=Figures/c6_helios_aia_131_
fd_roi_lc-eps-converted-to.pdf Figures/c6_helios_aia_131_fd_roi_lc.eps>
(epstopdf)             \includegraphics on input line 431.
Package epstopdf Info: Output file is already uptodate.
<Figures/c6_helios_aia_131_fd_roi_lc-eps-converted-to.pdf, id=231, 698.61pt x 3
46.29375pt>
File: Figures/c6_helios_aia_131_fd_roi_lc-eps-converted-to.pdf Graphic file (ty
pe pdf)
<use Figures/c6_helios_aia_131_fd_roi_lc-eps-converted-to.pdf>
Package pdftex.def Info: Figures/c6_helios_aia_131_fd_roi_lc-eps-converted-to.p
df  used on input line 431.
(pdftex.def)             Requested size: 244.0pt x 120.94571pt.
Package epstopdf Info: Source file: <Figures/case7_lc.eps>
(epstopdf)                    date: 2025-11-24 22:48:16
(epstopdf)                    size: 1004415 bytes
(epstopdf)             Output file: <Figures/case7_lc-eps-converted-to.pdf>
(epstopdf)                    date: 2025-11-25 10:09:29
(epstopdf)                    size: 175688 bytes
(epstopdf)             Command: <repstopdf --outfile=Figures/case7_lc-eps-conve
rted-to.pdf Figures/case7_lc.eps>
(epstopdf)             \includegraphics on input line 438.
Package epstopdf Info: Output file is already uptodate.
<Figures/case7_lc-eps-converted-to.pdf, id=232, 659.46375pt x 804.00375pt>
File: Figures/case7_lc-eps-converted-to.pdf Graphic file (type pdf)
<use Figures/case7_lc-eps-converted-to.pdf>
Package pdftex.def Info: Figures/case7_lc-eps-converted-to.pdf  used on input l
ine 438.
(pdftex.def)             Requested size: 244.0pt x 297.47673pt.
Package epstopdf Info: Source file: <Figures/c7_helios_aia_131_fd_roi_lc.eps>
(epstopdf)                    date: 2025-11-24 22:48:16
(epstopdf)                    size: 975272 bytes
(epstopdf)             Output file: <Figures/c7_helios_aia_131_fd_roi_lc-eps-co
nverted-to.pdf>
(epstopdf)                    date: 2025-11-25 10:09:30
(epstopdf)                    size: 144365 bytes
(epstopdf)             Command: <repstopdf --outfile=Figures/c7_helios_aia_131_
fd_roi_lc-eps-converted-to.pdf Figures/c7_helios_aia_131_fd_roi_lc.eps>
(epstopdf)             \includegraphics on input line 445.
Package epstopdf Info: Output file is already uptodate.
<Figures/c7_helios_aia_131_fd_roi_lc-eps-converted-to.pdf, id=233, 697.60625pt 
x 346.29375pt>
File: Figures/c7_helios_aia_131_fd_roi_lc-eps-converted-to.pdf Graphic file (ty
pe pdf)
<use Figures/c7_helios_aia_131_fd_roi_lc-eps-converted-to.pdf>
Package pdftex.def Info: Figures/c7_helios_aia_131_fd_roi_lc-eps-converted-to.p
df  used on input line 445.
(pdftex.def)             Requested size: 244.0pt x 121.12007pt.
Package epstopdf Info: Source file: <Figures/case8_lc.eps>
(epstopdf)                    date: 2025-11-24 22:48:16
(epstopdf)                    size: 1055380 bytes
(epstopdf)             Output file: <Figures/case8_lc-eps-converted-to.pdf>
(epstopdf)                    date: 2025-11-25 10:09:25
(epstopdf)                    size: 185926 bytes
(epstopdf)             Command: <repstopdf --outfile=Figures/case8_lc-eps-conve
rted-to.pdf Figures/case8_lc.eps>
(epstopdf)             \includegraphics on input line 452.
Package epstopdf Info: Output file is already uptodate.
<Figures/case8_lc-eps-converted-to.pdf, id=234, 659.46375pt x 804.00375pt>
File: Figures/case8_lc-eps-converted-to.pdf Graphic file (type pdf)
<use Figures/case8_lc-eps-converted-to.pdf>
Package pdftex.def Info: Figures/case8_lc-eps-converted-to.pdf  used on input l
ine 452.
(pdftex.def)             Requested size: 244.0pt x 297.47673pt.
Package epstopdf Info: Source file: <Figures/c8_helios_aia_131_fd_roi_lc.eps>
(epstopdf)                    date: 2025-11-24 22:48:16
(epstopdf)                    size: 979114 bytes
(epstopdf)             Output file: <Figures/c8_helios_aia_131_fd_roi_lc-eps-co
nverted-to.pdf>
(epstopdf)                    date: 2025-11-25 10:09:30
(epstopdf)                    size: 145595 bytes
(epstopdf)             Command: <repstopdf --outfile=Figures/c8_helios_aia_131_
fd_roi_lc-eps-converted-to.pdf Figures/c8_helios_aia_131_fd_roi_lc.eps>
(epstopdf)             \includegraphics on input line 459.
Package epstopdf Info: Output file is already uptodate.
<Figures/c8_helios_aia_131_fd_roi_lc-eps-converted-to.pdf, id=235, 698.61pt x 3
46.29375pt>
File: Figures/c8_helios_aia_131_fd_roi_lc-eps-converted-to.pdf Graphic file (ty
pe pdf)
<use Figures/c8_helios_aia_131_fd_roi_lc-eps-converted-to.pdf>
Package pdftex.def Info: Figures/c8_helios_aia_131_fd_roi_lc-eps-converted-to.p
df  used on input line 459.
(pdftex.def)             Requested size: 244.0pt x 120.94571pt.
Package epstopdf Info: Source file: <Figures/case9_lc.eps>
(epstopdf)                    date: 2025-11-24 22:48:16
(epstopdf)                    size: 843170 bytes
(epstopdf)             Output file: <Figures/case9_lc-eps-converted-to.pdf>
(epstopdf)                    date: 2025-11-25 10:09:31
(epstopdf)                    size: 154705 bytes
(epstopdf)             Command: <repstopdf --outfile=Figures/case9_lc-eps-conve
rted-to.pdf Figures/case9_lc.eps>
(epstopdf)             \includegraphics on input line 466.
Package epstopdf Info: Output file is already uptodate.
<Figures/case9_lc-eps-converted-to.pdf, id=236, 659.46375pt x 804.00375pt>
File: Figures/case9_lc-eps-converted-to.pdf Graphic file (type pdf)
<use Figures/case9_lc-eps-converted-to.pdf>
Package pdftex.def Info: Figures/case9_lc-eps-converted-to.pdf  used on input l
ine 466.
(pdftex.def)             Requested size: 244.0pt x 297.47673pt.
Package epstopdf Info: Source file: <Figures/c9_helios_aia_131_fd_roi_lc.eps>
(epstopdf)                    date: 2025-11-24 22:48:16
(epstopdf)                    size: 877924 bytes
(epstopdf)             Output file: <Figures/c9_helios_aia_131_fd_roi_lc-eps-co
nverted-to.pdf>
(epstopdf)                    date: 2025-11-25 10:09:31
(epstopdf)                    size: 129005 bytes
(epstopdf)             Command: <repstopdf --outfile=Figures/c9_helios_aia_131_
fd_roi_lc-eps-converted-to.pdf Figures/c9_helios_aia_131_fd_roi_lc.eps>
(epstopdf)             \includegraphics on input line 473.
Package epstopdf Info: Output file is already uptodate.
<Figures/c9_helios_aia_131_fd_roi_lc-eps-converted-to.pdf, id=237, 697.60625pt 
x 346.29375pt>
File: Figures/c9_helios_aia_131_fd_roi_lc-eps-converted-to.pdf Graphic file (ty
pe pdf)
<use Figures/c9_helios_aia_131_fd_roi_lc-eps-converted-to.pdf>
Package pdftex.def Info: Figures/c9_helios_aia_131_fd_roi_lc-eps-converted-to.p
df  used on input line 473.
(pdftex.def)             Requested size: 244.0pt x 121.12007pt.
Package epstopdf Info: Source file: <Figures/case10_lc.eps>
(epstopdf)                    date: 2025-11-24 22:48:16
(epstopdf)                    size: 999967 bytes
(epstopdf)             Output file: <Figures/case10_lc-eps-converted-to.pdf>
(epstopdf)                    date: 2025-11-25 10:09:32
(epstopdf)                    size: 182190 bytes
(epstopdf)             Command: <repstopdf --outfile=Figures/case10_lc-eps-conv
erted-to.pdf Figures/case10_lc.eps>
(epstopdf)             \includegraphics on input line 480.
Package epstopdf Info: Output file is already uptodate.
<Figures/case10_lc-eps-converted-to.pdf, id=238, 659.46375pt x 804.00375pt>
File: Figures/case10_lc-eps-converted-to.pdf Graphic file (type pdf)
<use Figures/case10_lc-eps-converted-to.pdf>
Package pdftex.def Info: Figures/case10_lc-eps-converted-to.pdf  used on input 
line 480.
(pdftex.def)             Requested size: 244.0pt x 297.47673pt.
Package epstopdf Info: Source file: <Figures/c10_helios_aia_131_fd_roi_lc.eps>
(epstopdf)                    date: 2025-11-24 22:48:16
(epstopdf)                    size: 984736 bytes
(epstopdf)             Output file: <Figures/c10_helios_aia_131_fd_roi_lc-eps-c
onverted-to.pdf>
(epstopdf)                    date: 2025-11-25 10:09:32
(epstopdf)                    size: 144928 bytes
(epstopdf)             Command: <repstopdf --outfile=Figures/c10_helios_aia_131
_fd_roi_lc-eps-converted-to.pdf Figures/c10_helios_aia_131_fd_roi_lc.eps>
(epstopdf)             \includegraphics on input line 487.
Package epstopdf Info: Output file is already uptodate.
<Figures/c10_helios_aia_131_fd_roi_lc-eps-converted-to.pdf, id=239, 697.60625pt
 x 346.29375pt>
File: Figures/c10_helios_aia_131_fd_roi_lc-eps-converted-to.pdf Graphic file (t
ype pdf)
<use Figures/c10_helios_aia_131_fd_roi_lc-eps-converted-to.pdf>
Package pdftex.def Info: Figures/c10_helios_aia_131_fd_roi_lc-eps-converted-to.
pdf  used on input line 487.
(pdftex.def)             Requested size: 244.0pt x 121.12007pt.
<Figures/case1_lc.png, id=240, 671.6292pt x 926.7423pt>
File: Figures/case1_lc.png Graphic file (type png)
<use Figures/case1_lc.png>
Package pdftex.def Info: Figures/case1_lc.png  used on input line 496.
(pdftex.def)             Requested size: 244.0pt x 336.68141pt.
<Figures/c1_aia_131_fd_roi_lc.png, id=242, 779.3115pt x 342.078pt>
File: Figures/c1_aia_131_fd_roi_lc.png Graphic file (type png)
<use Figures/c1_aia_131_fd_roi_lc.png>
Package pdftex.def Info: Figures/c1_aia_131_fd_roi_lc.png  used on input line 5
03.
(pdftex.def)             Requested size: 244.0pt x 107.10268pt.
<Figures/case2_lc.png, id=243, 657.4161pt x 926.7423pt>
File: Figures/case2_lc.png Graphic file (type png)
<use Figures/case2_lc.png>
Package pdftex.def Info: Figures/case2_lc.png  used on input line 510.
(pdftex.def)             Requested size: 244.0pt x 343.96399pt.
<Figures/c2_aia_131_fd_roi_lc.png, id=244, 770.3982pt x 342.078pt>
File: Figures/c2_aia_131_fd_roi_lc.png Graphic file (type png)
<use Figures/c2_aia_131_fd_roi_lc.png>
Package pdftex.def Info: Figures/c2_aia_131_fd_roi_lc.png  used on input line 5
17.
(pdftex.def)             Requested size: 244.0pt x 108.33974pt.
<Figures/case3_lc.png, id=245, 686.0832pt x 926.7423pt>
File: Figures/case3_lc.png Graphic file (type png)
<use Figures/case3_lc.png>
Package pdftex.def Info: Figures/case3_lc.png  used on input line 525.
(pdftex.def)             Requested size: 244.0pt x 329.58267pt.
<Figures/c3_aia_131_fd_roi_lc.png, id=246, 771.3618pt x 342.078pt>
File: Figures/c3_aia_131_fd_roi_lc.png Graphic file (type png)
<use Figures/c3_aia_131_fd_roi_lc.png>
Package pdftex.def Info: Figures/c3_aia_131_fd_roi_lc.png  used on input line 5
32.
(pdftex.def)             Requested size: 244.0pt x 108.20403pt.
 [4
pdfTeX warning (ext4): destination with the same identifier (name{figure.A2.1})
 has been already used, duplicate ignored
<argument> ...shipout:D \box_use:N \l_shipout_box 
                                                  \__shipout_drop_firstpage_...
l.545 \end{document}
                     <./Figures/case4_lc-eps-converted-to.pdf>]
Underfull \vbox (badness 10000) has occurred while \output is active []

 [5
pdfTeX warning (ext4): destination with the same identifier (name{figure.A2.2})
 has been already used, duplicate ignored
<argument> ...shipout:D \box_use:N \l_shipout_box 
                                                  \__shipout_drop_firstpage_...
l.545 \end{document}
                    
pdfTeX warning (ext4): destination with the same identifier (name{figure.A2.3})
 has been already used, duplicate ignored
<argument> ...shipout:D \box_use:N \l_shipout_box 
                                                  \__shipout_drop_firstpage_...
l.545 \end{document}
                    
pdfTeX warning (ext4): destination with the same identifier (name{figure.A2.4})
 has been already used, duplicate ignored
<argument> ...shipout:D \box_use:N \l_shipout_box 
                                                  \__shipout_drop_firstpage_...
l.545 \end{document}
                    
pdfTeX warning (ext4): destination with the same identifier (name{figure.A2.5})
 has been already used, duplicate ignored
<argument> ...shipout:D \box_use:N \l_shipout_box 
                                                  \__shipout_drop_firstpage_...
l.545 \end{document}
                     <./Figures/case5_lc-eps-converted-to.pdf> <./Figures/c5_he
lios_aia_131_fd_roi_lc-eps-converted-to.pdf>] [6
pdfTeX warning (ext4): destination with the same identifier (name{figure.A2.6})
 has been already used, duplicate ignored
<argument> ...shipout:D \box_use:N \l_shipout_box 
                                                  \__shipout_drop_firstpage_...
l.545 \end{document}
                    
pdfTeX warning (ext4): destination with the same identifier (name{figure.A2.7})
 has been already used, duplicate ignored
<argument> ...shipout:D \box_use:N \l_shipout_box 
                                                  \__shipout_drop_firstpage_...
l.545 \end{document}
                    
pdfTeX warning (ext4): destination with the same identifier (name{figure.A2.8})
 has been already used, duplicate ignored
<argument> ...shipout:D \box_use:N \l_shipout_box 
                                                  \__shipout_drop_firstpage_...
l.545 \end{document}
                    
pdfTeX warning (ext4): destination with the same identifier (name{figure.A2.9})
 has been already used, duplicate ignored
<argument> ...shipout:D \box_use:N \l_shipout_box 
                                                  \__shipout_drop_firstpage_...
l.545 \end{document}
                     <./Figures/case6_lc-eps-converted-to.pdf> <./Figures/c6_he
lios_aia_131_fd_roi_lc-eps-converted-to.pdf> <./Figures/case7_lc-eps-converted-
to.pdf> <./Figures/c7_helios_aia_131_fd_roi_lc-eps-converted-to.pdf>] [7
pdfTeX warning (ext4): destination with the same identifier (name{figure.A2.10}
) has been already used, duplicate ignored
<argument> ...shipout:D \box_use:N \l_shipout_box 
                                                  \__shipout_drop_firstpage_...
l.545 \end{document}
                    
pdfTeX warning (ext4): destination with the same identifier (name{figure.A2.11}
) has been already used, duplicate ignored
<argument> ...shipout:D \box_use:N \l_shipout_box 
                                                  \__shipout_drop_firstpage_...
l.545 \end{document}
                    
pdfTeX warning (ext4): destination with the same identifier (name{figure.A2.12}
) has been already used, duplicate ignored
<argument> ...shipout:D \box_use:N \l_shipout_box 
                                                  \__shipout_drop_firstpage_...
l.545 \end{document}
                    
pdfTeX warning (ext4): destination with the same identifier (name{figure.A2.13}
) has been already used, duplicate ignored
<argument> ...shipout:D \box_use:N \l_shipout_box 
                                                  \__shipout_drop_firstpage_...
l.545 \end{document}
                     <./Figures/case8_lc-eps-converted-to.pdf> <./Figures/c8_he
lios_aia_131_fd_roi_lc-eps-converted-to.pdf> <./Figures/case9_lc-eps-converted-
to.pdf> <./Figures/c9_helios_aia_131_fd_roi_lc-eps-converted-to.pdf>] [8
pdfTeX warning (ext4): destination with the same identifier (name{figure.A2.14}
) has been already used, duplicate ignored
<argument> ...shipout:D \box_use:N \l_shipout_box 
                                                  \__shipout_drop_firstpage_...
l.545 \end{document}
                    
pdfTeX warning (ext4): destination with the same identifier (name{figure.A2.15}
) has been already used, duplicate ignored
<argument> ...shipout:D \box_use:N \l_shipout_box 
                                                  \__shipout_drop_firstpage_...
l.545 \end{document}
                    
pdfTeX warning (ext4): destination with the same identifier (name{figure.A2.16}
) has been already used, duplicate ignored
<argument> ...shipout:D \box_use:N \l_shipout_box 
                                                  \__shipout_drop_firstpage_...
l.545 \end{document}
                    
pdfTeX warning (ext4): destination with the same identifier (name{figure.A2.17}
) has been already used, duplicate ignored
<argument> ...shipout:D \box_use:N \l_shipout_box 
                                                  \__shipout_drop_firstpage_...
l.545 \end{document}
                     <./Figures/case10_lc-eps-converted-to.pdf> <./Figures/c10_
helios_aia_131_fd_roi_lc-eps-converted-to.pdf> <./Figures/case1_lc.png> <./Figu
res/c1_aia_131_fd_roi_lc.png>] [9
pdfTeX warning (ext4): destination with the same identifier (name{figure.A2.18}
) has been already used, duplicate ignored
<argument> ...shipout:D \box_use:N \l_shipout_box 
                                                  \__shipout_drop_firstpage_...
l.545 \end{document}
                    
pdfTeX warning (ext4): destination with the same identifier (name{figure.A2.19}
) has been already used, duplicate ignored
<argument> ...shipout:D \box_use:N \l_shipout_box 
                                                  \__shipout_drop_firstpage_...
l.545 \end{document}
                    
pdfTeX warning (ext4): destination with the same identifier (name{figure.A2.20}
) has been already used, duplicate ignored
<argument> ...shipout:D \box_use:N \l_shipout_box 
                                                  \__shipout_drop_firstpage_...
l.545 \end{document}
                    
pdfTeX warning (ext4): destination with the same identifier (name{figure.A2.21}
) has been already used, duplicate ignored
<argument> ...shipout:D \box_use:N \l_shipout_box 
                                                  \__shipout_drop_firstpage_...
l.545 \end{document}
                     <./Figures/case2_lc.png> <./Figures/c2_aia_131_fd_roi_lc.p
ng> <./Figures/case3_lc.png> <./Figures/c3_aia_131_fd_roi_lc.png>] (./paper.aux
)
 ***********
LaTeX2e <2023-11-01> patch level 1
L3 programming layer <2020/03/25>
 ***********


LaTeX Font Warning: Size substitutions with differences
(Font)              up to 0.5pt have occurred.


LaTeX Warning: There were multiply-defined labels.

Package rerunfilecheck Info: File `paper.out' has not changed.
(rerunfilecheck)             Checksum: CFE9057B6E6425C61D674DD50CA65F93;4659.
 ) 
Here is how much of TeX's memory you used:
 15089 strings out of 474222
 223177 string characters out of 5748733
 1951975 words of memory out of 5000000
 37028 multiletter control sequences out of 15000+600000
 650386 words of font info for 152 fonts, out of 8000000 for 9000
 1141 hyphenation exceptions out of 8191
 90i,15n,93p,641b,427s stack positions out of 10000i,1000n,20000p,200000b,200000s

pdfTeX warning (dest): name{Hfootnote.1} has been referenced but does not exist
, replaced by a fixed one

</usr/share/texlive/texmf-dist/fonts/type1/public/newtx/NewTXMI.pfb></usr/share
/texlive/texmf-dist/fonts/type1/public/newtx/NewTXMI5.pfb></usr/share/texlive/t
exmf-dist/fonts/type1/public/newtx/NewTXMI7.pfb></usr/share/texlive/texmf-dist/
fonts/type1/public/amsfonts/cm/cmmi12.pfb></usr/share/texlive/texmf-dist/fonts/
type1/public/amsfonts/cm/cmr10.pfb></usr/share/texlive/texmf-dist/fonts/type1/p
ublic/amsfonts/cm/cmr12.pfb></usr/share/texlive/texmf-dist/fonts/type1/public/a
msfonts/cm/cmr17.pfb></usr/share/texlive/texmf-dist/fonts/type1/public/amsfonts
/cm/cmr8.pfb></usr/share/texlive/texmf-dist/fonts/type1/public/amsfonts/cm/cmsy
10.pfb></usr/share/texlive/texmf-dist/fonts/type1/public/amsfonts/cm/cmsy8.pfb>
</usr/share/texmf/fonts/type1/public/tex-gyre/qtmr.pfb></usr/share/texmf/fonts/
type1/public/cm-super/sfrm1728.pfb></usr/share/texmf/fonts/type1/public/cm-supe
r/sfrm2074.pfb></usr/share/texlive/texmf-dist/fonts/type1/public/txfonts/t1xtt.
pfb></usr/share/texlive/texmf-dist/fonts/type1/public/newtx/txexs.pfb></usr/sha
re/texlive/texmf-dist/fonts/type1/public/newtx/txmiaX.pfb></usr/share/texlive/t
exmf-dist/fonts/type1/public/newtx/txsys.pfb></usr/share/texlive/texmf-dist/fon
ts/type1/public/newtx/ztmb.pfb></usr/share/texlive/texmf-dist/fonts/type1/publi
c/newtx/ztmr.pfb></usr/share/texlive/texmf-dist/fonts/type1/public/newtx/ztmri.
pfb>
Output written on paper.pdf (9 pages, 21169465 bytes).
PDF statistics:
 586 PDF objects out of 1000 (max. 8388607)
 505 compressed objects within 6 object streams
 74 named destinations out of 1000 (max. 500000)
 300 words of extra memory for PDF output out of 10000 (max. 10000000)

