\BOOKMARK [1][-]{section.1}{\376\377\000I\000n\000t\000r\000o\000d\000u\000c\000t\000i\000o\000n}{}% 1
\BOOKMARK [1][-]{section.2}{\376\377\000O\000b\000s\000e\000r\000v\000a\000t\000i\000o\000n\000s}{}% 2
\BOOKMARK [2][-]{subsection.2.1}{\376\377\000A\000n\000a\000l\000y\000s\000i\000s}{section.2}% 3
\BOOKMARK [2][-]{subsection.2.2}{\376\377\000F\000l\000a\000r\000e\000\040\000l\000i\000g\000h\000t\000\040\000c\000u\000r\000v\000e}{section.2}% 4
\BOOKMARK [2][-]{subsection.2.3}{\376\377\000I\000d\000e\000n\000t\000i\000f\000y\000i\000n\000g\000\040\000p\000r\000e\000-\000f\000l\000a\000r\000e\000\040\000e\000n\000h\000a\000n\000c\000e\000m\000e\000n\000t\000s\000\040\000i\000n\000\040\000S\000U\000I\000T}{section.2}% 5
\BOOKMARK [2][-]{subsection.2.4}{\376\377\000H\000E\000L\0001\000O\000S\000\040\000l\000i\000g\000h\000t\000\040\000c\000u\000r\000v\000e\000s}{section.2}% 6
\BOOKMARK [2][-]{subsection.2.5}{\376\377\000T\000e\000m\000p\000e\000r\000a\000t\000u\000r\000e\000\040\000f\000r\000o\000m\000\040\000S\000o\000L\000E\000X\000S}{section.2}% 7
\BOOKMARK [2][-]{subsection.2.6}{\376\377\000I\000d\000e\000n\000t\000i\000f\000y\000i\000n\000g\000\040\000X\000-\000r\000a\000y\000\040\000S\000o\000u\000r\000c\000e\000\040\000l\000o\000c\000a\000t\000i\000o\000n\000s\000\040\000o\000n\000\040\000f\000u\000l\000l\000\040\000d\000i\000s\000c\000\040}{section.2}% 8
\BOOKMARK [2][-]{subsection.2.7}{\376\377\000S\000p\000e\000c\000t\000r\000a\000l\000\040\000a\000n\000a\000l\000y\000s\000i\000s\000\040\000o\000f\000\040\000p\000r\000e\000-\000f\000l\000a\000r\000e\000\040\000e\000n\000h\000a\000n\000c\000e\000m\000e\000n\000t\000s}{section.2}% 9
\BOOKMARK [2][-]{subsection.2.8}{\376\377\000H\000o\000t\000\040\000o\000n\000s\000e\000t\000\040\000c\000a\000s\000e\000s}{section.2}% 10
\BOOKMARK [1][-]{section.3}{\376\377\000R\000e\000s\000u\000l\000t\000s}{}% 11
\BOOKMARK [2][-]{subsection.3.1}{\376\377\000C\000a\000s\000e\000\040\0004\000:\000\040\000M\0001\000.\0005\000\040\000c\000l\000a\000s\000s\000\040\000f\000l\000a\000r\000e\000\040\000o\000n\000\040\000J\000u\000l\000y\000\040\0001\0000\000\040\0002\0000\0002\0004}{section.3}% 12
\BOOKMARK [2][-]{subsection.3.2}{\376\377\000C\000a\000s\000e\000\040\0005\000:\000\040\000M\0001\000.\0001\000\040\000c\000l\000a\000s\000s\000\040\000f\000l\000a\000r\000e\000\040\000o\000n\000\040\000J\000u\000l\000y\000\040\0001\0000\000\040\0002\0000\0002\0004}{section.3}% 13
\BOOKMARK [2][-]{subsection.3.3}{\376\377\000C\000a\000s\000e\000\040\0006\000:\000\040\000X\0001\000.\0008\000\040\000c\000l\000a\000s\000s\000\040\000f\000l\000a\000r\000e\000\040\000o\000n\000\040\000O\000c\000t\000o\000b\000e\000r\000\040\0009\000\040\0002\0000\0002\0004}{section.3}% 14
\BOOKMARK [2][-]{subsection.3.4}{\376\377\000C\000a\000s\000e\000\040\0007\000:\000\040\000M\0001\000.\0003\000\040\000c\000l\000a\000s\000s\000\040\000f\000l\000a\000r\000e\000\040\000o\000n\000\040\000N\000o\000v\000e\000m\000b\000e\000r\000\040\0001\000\040\0002\0000\0002\0004}{section.3}% 15
\BOOKMARK [2][-]{subsection.3.5}{\376\377\000C\000a\000s\000e\000\040\0008\000:\000\040\000M\0002\000.\0000\000\040\000c\000l\000a\000s\000s\000\040\000f\000l\000a\000r\000e\000\040\000o\000n\000\040\000N\000o\000v\000e\000m\000b\000e\000r\000\040\0001\000\040\0002\0000\0002\0004}{section.3}% 16
\BOOKMARK [2][-]{subsection.3.6}{\376\377\000C\000a\000s\000e\000\040\0009\000:\000\040\000M\0001\000.\0000\000\040\000c\000l\000a\000s\000s\000\040\000f\000l\000a\000r\000e\000\040\000o\000n\000\040\000N\000o\000v\000e\000m\000b\000e\000r\000\040\0001\0003\000\040\0002\0000\0002\0004}{section.3}% 17
\BOOKMARK [2][-]{subsection.3.7}{\376\377\000C\000a\000s\000e\000\040\0001\0000\000:\000\040\000M\0001\000.\0007\000\040\000c\000l\000a\000s\000s\000\040\000f\000l\000a\000r\000e\000\040\000o\000n\000\040\000N\000o\000v\000e\000m\000b\000e\000r\000\040\0001\0003\000\040\0002\0000\0002\0004}{section.3}% 18
\BOOKMARK [1][-]{section.4}{\376\377\000D\000i\000s\000c\000u\000s\000s\000i\000o\000n}{}% 19
\BOOKMARK [1][-]{section.5}{\376\377\000C\000o\000n\000c\000l\000u\000s\000i\000o\000n}{}% 20
\BOOKMARK [1][-]{section.A1}{\376\377\000J\000u\000s\000t\000i\000f\000i\000c\000a\000t\000i\000o\000n\000\040\000f\000o\000r\000\040\000f\000e\000w\000\040\000s\000t\000e\000p\000s}{}% 21
\BOOKMARK [2][-]{subsection.A1.1}{\376\377\000D\000i\000f\000f\000e\000r\000e\000n\000c\000e\000\040\000i\000m\000a\000g\000e\000\040\000t\000h\000r\000e\000s\000h\000o\000l\000d}{section.A1}% 22
\BOOKMARK [1][-]{section.A2}{\376\377\000F\000l\000a\000r\000e\000\040\000l\000i\000g\000h\000t\000\040\000c\000u\000r\000v\000e\000s}{}% 23
